features/main/build/intermediates/manifest_merge_blame_file/debug/manifest-merger-blame-debug-report.txt
1<?xml version="1.0" encoding="utf-8"?>
2<manifest xmlns:android="http://schemas.android.com/apk/res/android"
3    featureSplit="main"
4    package="com.inquallity.daggersandbox"
5    android:versionCode="1"
6    android:versionName="1.0" >
7
8    <uses-sdk
9        android:minSdkVersion="21"
9-->src/main/AndroidManifest.xml
10        android:targetSdkVersion="30" />
10-->src/main/AndroidManifest.xml
11
12    <application
12-->src/main/AndroidManifest.xml:4:5-6:19
13        android:debuggable="true"
14        android:testOnly="true" >
15        <activity android:name="com.inquallity.daggersandbox.main.MainActivity" />
15-->src/main/AndroidManifest.xml:5:9-83
15-->src/main/AndroidManifest.xml:5:19-80
16    </application>
17
18</manifest>